<?xml version="1.0" encoding="UTF-8"?>
<robot generator="Robot 4.1.3 (Python 3.8.2 on win32)" generated="20220208 23:20:46.009" rpa="true" schemaversion="2">
<suite id="s1" name="Tasks" source="C:\Users\j.maggio\Documents\Robots\Certification Bot Jacopo Maggio\tasks.robot">
<test id="s1-t1" name="Order robots from RobotSpareBin Industries Inc">
<kw name="Collect CSV From User">
<var>${csvUrl}</var>
<kw name="Add heading" library="RPA.Dialogs">
<arg>Insert CSV url</arg>
<doc>Add a centered heading text element</doc>
<status status="PASS" starttime="20220208 23:20:47.974" endtime="20220208 23:20:47.974"/>
</kw>
<kw name="Add text input" library="RPA.Dialogs">
<arg>url</arg>
<arg>label=CSV url</arg>
<tag>input</tag>
<doc>Add a text input element</doc>
<status status="PASS" starttime="20220208 23:20:47.974" endtime="20220208 23:20:47.974"/>
</kw>
<kw name="Run dialog" library="RPA.Dialogs">
<var>${response}</var>
<tag>dialog</tag>
<doc>Create a dialog from all the defined elements and block
until the user has handled it.</doc>
<msg timestamp="20220208 23:20:47.974" level="INFO">Protecting keyword: RPA.Dialogs.Run dialog</msg>
<msg timestamp="20220208 23:21:05.344" level="INFO">Log level changed from NONE to INFO.</msg>
<status status="PASS" starttime="20220208 23:20:47.974" endtime="20220208 23:21:05.344"/>
</kw>
<msg timestamp="20220208 23:21:05.344" level="INFO">${csvUrl} = https://robotsparebinindustries.com/orders.csv</msg>
<status status="PASS" starttime="20220208 23:20:47.974" endtime="20220208 23:21:05.344"/>
</kw>
<kw name="Open Ordering Site">
<kw name="Get Secret" library="RPA.Robocorp.Vault">
<var>${siteUrl}</var>
<arg>site_url</arg>
<doc>Read a secret from the configured source, e.g. Robocorp Vault,
and return it as a ``Secret`` object.</doc>
<msg timestamp="20220208 23:21:05.344" level="INFO">Protecting keyword: RPA.Robocorp.Vault.Get Secret</msg>
<msg timestamp="20220208 23:21:05.344" level="INFO">Log level changed from NONE to INFO.</msg>
<status status="FAIL" starttime="20220208 23:21:05.344" endtime="20220208 23:21:05.344"/>
</kw>
<kw name="Open Available Browser" library="RPA.Browser.Selenium">
<arg>${siteUrl}</arg>
<doc>Attempts to open a browser on the user's device from a set of
supported browsers. Automatically downloads a corresponding webdriver
if none is already installed.</doc>
<status status="NOT RUN" starttime="20220208 23:21:05.344" endtime="20220208 23:21:05.344"/>
</kw>
<kw name="Log" library="BuiltIn">
<arg>Open Ordering Site Done</arg>
<doc>Logs the given message with the given level.</doc>
<status status="NOT RUN" starttime="20220208 23:21:05.344" endtime="20220208 23:21:05.344"/>
</kw>
<status status="FAIL" starttime="20220208 23:21:05.344" endtime="20220208 23:21:05.344"/>
</kw>
<kw name="Ger Order List">
<var>${orderList}</var>
<arg>${csvUrl}</arg>
<status status="NOT RUN" starttime="20220208 23:21:05.344" endtime="20220208 23:21:05.344"/>
</kw>
<kw name="Create Directory" library="RPA.FileSystem">
<arg>${OUTPUT_DIRECTORY}${/}${RECEPIT_DIRECTORY}</arg>
<doc>Creates a directory and (optionally) non-existing parent directories.</doc>
<status status="NOT RUN" starttime="20220208 23:21:05.344" endtime="20220208 23:21:05.344"/>
</kw>
<for flavor="IN">
<var>${row}</var>
<value>@{orderList}</value>
<iter>
<var name="${row}">${row}</var>
<kw name="Log" library="BuiltIn">
<arg>${row}</arg>
<doc>Logs the given message with the given level.</doc>
<status status="NOT RUN" starttime="20220208 23:21:05.344" endtime="20220208 23:21:05.344"/>
</kw>
<kw name="Close Popup">
<status status="NOT RUN" starttime="20220208 23:21:05.344" endtime="20220208 23:21:05.344"/>
</kw>
<kw name="Fill Form">
<arg>${row}</arg>
<status status="NOT RUN" starttime="20220208 23:21:05.344" endtime="20220208 23:21:05.344"/>
</kw>
<kw name="Preview Robot">
<status status="NOT RUN" starttime="20220208 23:21:05.344" endtime="20220208 23:21:05.344"/>
</kw>
<for flavor="IN RANGE">
<var>${i}</var>
<value>9999999</value>
<iter>
<var name="${i}">${i}</var>
<kw name="Submit Order">
<var>${continue}</var>
<status status="NOT RUN" starttime="20220208 23:21:05.344" endtime="20220208 23:21:05.344"/>
</kw>
<kw name="Log" library="BuiltIn">
<arg>${continue}</arg>
<doc>Logs the given message with the given level.</doc>
<status status="NOT RUN" starttime="20220208 23:21:05.344" endtime="20220208 23:21:05.344"/>
</kw>
<kw name="Exit For Loop If" library="BuiltIn">
<arg>"${continue}" == "True"</arg>
<doc>Stops executing the enclosing for loop if the ``condition`` is true.</doc>
<status status="NOT RUN" starttime="20220208 23:21:05.344" endtime="20220208 23:21:05.344"/>
</kw>
<status status="NOT RUN" starttime="20220208 23:21:05.344" endtime="20220208 23:21:05.344"/>
</iter>
<status status="NOT RUN" starttime="20220208 23:21:05.344" endtime="20220208 23:21:05.344"/>
</for>
<kw name="Save PDF Recepit">
<var>${pdf}</var>
<arg>${row}[Order number]</arg>
<status status="NOT RUN" starttime="20220208 23:21:05.344" endtime="20220208 23:21:05.344"/>
</kw>
<kw name="Screenshot robot">
<var>${screenshot}</var>
<arg>${row}[Order number]</arg>
<status status="NOT RUN" starttime="20220208 23:21:05.344" endtime="20220208 23:21:05.344"/>
</kw>
<kw name="Create PDF">
<arg>${pdf}</arg>
<arg>${screenshot}</arg>
<arg>${row}[Order number]</arg>
<status status="NOT RUN" starttime="20220208 23:21:05.344" endtime="20220208 23:21:05.344"/>
</kw>
<kw name="End order">
<status status="NOT RUN" starttime="20220208 23:21:05.344" endtime="20220208 23:21:05.344"/>
</kw>
<status status="NOT RUN" starttime="20220208 23:21:05.344" endtime="20220208 23:21:05.344"/>
</iter>
<status status="NOT RUN" starttime="20220208 23:21:05.344" endtime="20220208 23:21:05.344"/>
</for>
<kw name="Create ZIP and Clean">
<status status="NOT RUN" starttime="20220208 23:21:05.344" endtime="20220208 23:21:05.344"/>
</kw>
<status status="FAIL" starttime="20220208 23:20:47.974" endtime="20220208 23:21:05.344">KeyError: 'Missing required environment variable: RC_API_SECRET_HOST'</status>
</test>
<doc>Orders robots from RobotSpareBin Industries Inc.
Saves the order HTML receipt as a PDF file.
Saves the screenshot of the ordered robot.
Embeds the screenshot of the robot to the PDF receipt.
Creates ZIP archive of the receipts and the images.
The Bot has been implemented by Jacopo Maggio for Robocorp Certificate level II</doc>
<status status="FAIL" starttime="20220208 23:20:46.009" endtime="20220208 23:21:05.360"/>
</suite>
<statistics>
<total>
<stat pass="0" fail="1" skip="0">All Tasks</stat>
</total>
<tag>
</tag>
<suite>
<stat pass="0" fail="1" skip="0" id="s1" name="Tasks">Tasks</stat>
</suite>
</statistics>
<errors>
</errors>
</robot>
